[10-Mar-2019 16:44:26 UTC] PHP Warning:  file_get_contents(news/common/head.php?name=Carrefour Voyages): failed to open stream: No such file or directory in C:\wamp64\www\newsCMS\conf\functions.php on line 147
[10-Mar-2019 16:44:26 UTC] PHP Stack trace:
[10-Mar-2019 16:44:26 UTC] PHP   1. {main}() C:\wamp64\www\newsCMS\index.php:0
[10-Mar-2019 16:44:26 UTC] PHP   2. include() C:\wamp64\www\newsCMS\index.php:49
[10-Mar-2019 16:44:26 UTC] PHP   3. include() C:\wamp64\www\newsCMS\inc\content.php:20
[10-Mar-2019 16:44:26 UTC] PHP   4. generate_file() C:\wamp64\www\newsCMS\inc\editor.php:8
[10-Mar-2019 16:44:26 UTC] PHP   5. file_get_contents() C:\wamp64\www\newsCMS\conf\functions.php:147
[10-Mar-2019 16:55:28 UTC] PHP Warning:  file_get_contents(news/common/head.php?name=Carrefour Voyages): failed to open stream: No such file or directory in C:\wamp64\www\newsCMS\conf\functions.php on line 147
[10-Mar-2019 16:55:28 UTC] PHP Stack trace:
[10-Mar-2019 16:55:28 UTC] PHP   1. {main}() C:\wamp64\www\newsCMS\index.php:0
[10-Mar-2019 16:55:28 UTC] PHP   2. include() C:\wamp64\www\newsCMS\index.php:49
[10-Mar-2019 16:55:28 UTC] PHP   3. include() C:\wamp64\www\newsCMS\inc\content.php:20
[10-Mar-2019 16:55:28 UTC] PHP   4. generate_file() C:\wamp64\www\newsCMS\inc\editor.php:8
[10-Mar-2019 16:55:28 UTC] PHP   5. file_get_contents() C:\wamp64\www\newsCMS\conf\functions.php:147
[10-Mar-2019 19:02:03 UTC] PHP Warning:  file_get_contents(news/common/head.php?name=Carrefour Voyages): failed to open stream: No such file or directory in C:\wamp64\www\newsCMS\conf\functions.php on line 147
[10-Mar-2019 19:02:03 UTC] PHP Stack trace:
[10-Mar-2019 19:02:03 UTC] PHP   1. {main}() C:\wamp64\www\newsCMS\index.php:0
[10-Mar-2019 19:02:03 UTC] PHP   2. include() C:\wamp64\www\newsCMS\index.php:49
[10-Mar-2019 19:02:03 UTC] PHP   3. include() C:\wamp64\www\newsCMS\inc\content.php:20
[10-Mar-2019 19:02:03 UTC] PHP   4. generate_file() C:\wamp64\www\newsCMS\inc\editor.php:8
[10-Mar-2019 19:02:03 UTC] PHP   5. file_get_contents() C:\wamp64\www\newsCMS\conf\functions.php:147
[10-Mar-2019 19:15:49 UTC] PHP Warning:  file_get_contents(news/common/head.php?name=Carrefour+Voyages): failed to open stream: No such file or directory in C:\wamp64\www\newsCMS\conf\functions.php on line 147
[10-Mar-2019 19:15:49 UTC] PHP Stack trace:
[10-Mar-2019 19:15:49 UTC] PHP   1. {main}() C:\wamp64\www\newsCMS\index.php:0
[10-Mar-2019 19:15:49 UTC] PHP   2. include() C:\wamp64\www\newsCMS\index.php:49
[10-Mar-2019 19:15:49 UTC] PHP   3. include() C:\wamp64\www\newsCMS\inc\content.php:20
[10-Mar-2019 19:15:49 UTC] PHP   4. generate_file() C:\wamp64\www\newsCMS\inc\editor.php:8
[10-Mar-2019 19:15:49 UTC] PHP   5. file_get_contents() C:\wamp64\www\newsCMS\conf\functions.php:147
[11-Mar-2019 09:25:16 UTC] PHP Warning:  file_get_contents(news/common/head.php?name=Carrefour+Voyages): failed to open stream: No such file or directory in C:\wamp64\www\newsCMS\conf\functions.php on line 147
[11-Mar-2019 09:25:16 UTC] PHP Stack trace:
[11-Mar-2019 09:25:16 UTC] PHP   1. {main}() C:\wamp64\www\newsCMS\index.php:0
[11-Mar-2019 09:25:16 UTC] PHP   2. include() C:\wamp64\www\newsCMS\index.php:49
[11-Mar-2019 09:25:16 UTC] PHP   3. include() C:\wamp64\www\newsCMS\inc\content.php:20
[11-Mar-2019 09:25:16 UTC] PHP   4. generate_file() C:\wamp64\www\newsCMS\inc\editor.php:8
[11-Mar-2019 09:25:16 UTC] PHP   5. file_get_contents() C:\wamp64\www\newsCMS\conf\functions.php:147
[13-Mar-2019 14:36:49 UTC] PHP Notice:  Undefined variable: builder in C:\wamp64\www\newsCMS\conf\init.php on line 65
[13-Mar-2019 14:36:49 UTC] PHP Stack trace:
[13-Mar-2019 14:36:49 UTC] PHP   1. {main}() C:\wamp64\www\newsCMS\index.php:0
[13-Mar-2019 14:36:49 UTC] PHP   2. require() C:\wamp64\www\newsCMS\index.php:43
[13-Mar-2019 14:36:49 UTC] PHP Notice:  Undefined variable: builder in C:\wamp64\www\newsCMS\conf\init.php on line 66
[13-Mar-2019 14:36:49 UTC] PHP Stack trace:
[13-Mar-2019 14:36:49 UTC] PHP   1. {main}() C:\wamp64\www\newsCMS\index.php:0
[13-Mar-2019 14:36:49 UTC] PHP   2. require() C:\wamp64\www\newsCMS\index.php:43
